Mplus VERSION 8.3
MUTHEN & MUTHEN
10/26/2024  11:09 AM

INPUT INSTRUCTIONS

  TITLE:
  BIFACTOR MIXTURE TEST CODE
  DATA:
  FILE = "C:/Users/chowardk/Box/4n500/prac_c1_3_211be8368255f232601c5206480513e4.dat";

  VARIABLE:
  NAMES = y1 y2 y3 y4 y5 y6 y7 y8;
   MISSING=.;
   !NAMES= y1-y8 lc;
    USEVARIABLES ARE y1-y8;
    CLASSES = c(2);
  ANALYSIS:
  type = mixture;
   PROCESSORs = 4;
   STARTS = 100 10;
   stiteration = 20;
  MODEL:
     %overall%
   !factor loadings
   g by y1*
     y2-y8 ;
   s1 by y1*
     y2-y4;
   s2 by y5*
     y6-y8;
   !item residual variances
   ! y1-y8; ! constrained equal by default
   !item means
   [y1-y8] (it1-it8);
   !factor variance
   g-s2@1; ! factors are standardized
   !factor covariance(orthogonal)
   g with s1@0;
   g with s2@0;
   s1 with s2@0;
   !effect size
   [g s1 s2];
   %c#2%
    !factor loadings
    g by y1*
     y2-y8 ;
   s1 by y1*
     y2-y4;
   s2 by y5*
     y6-y8;
   !factor variance
   g-s2@1;
   !factor covariance(orthogonal)
   g with s1@0;
   g with s2@0;
   s1 with s2@0;
  OUTPUT:
  TECH11;



INPUT READING TERMINATED NORMALLY




BIFACTOR MIXTURE TEST CODE

SUMMARY OF ANALYSIS

Number of groups                                                 1
Number of observations                                         500

Number of dependent variables                                    8
Number of independent variables                                  0
Number of continuous latent variables                            3
Number of categorical latent variables                           1

Observed dependent variables

  Continuous
   Y1          Y2          Y3          Y4          Y5          Y6
   Y7          Y8

Continuous latent variables
   G           S1          S2

Categorical latent variables
   C


Estimator                                                      MLR
Information matrix                                        OBSERVED
Optimization Specifications for the Quasi-Newton Algorithm for
Continuous Outcomes
  Maximum number of iterations                                 100
  Convergence criterion                                  0.100D-05
Optimization Specifications for the EM Algorithm
  Maximum number of iterations                                 500
  Convergence criteria
    Loglikelihood change                                 0.100D-06
    Relative loglikelihood change                        0.100D-06
    Derivative                                           0.100D-05
Optimization Specifications for the M step of the EM Algorithm for
Categorical Latent variables
  Number of M step iterations                                    1
  M step convergence criterion                           0.100D-05
  Basis for M step termination                           ITERATION
Optimization Specifications for the M step of the EM Algorithm for
Censored, Binary or Ordered Categorical (Ordinal), Unordered
Categorical (Nominal) and Count Outcomes
  Number of M step iterations                                    1
  M step convergence criterion                           0.100D-05
  Basis for M step termination                           ITERATION
  Maximum value for logit thresholds                            15
  Minimum value for logit thresholds                           -15
  Minimum expected cell size for chi-square              0.100D-01
Maximum number of iterations for H1                           2000
Convergence criterion for H1                             0.100D-03
Optimization algorithm                                         EMA
Random Starts Specifications
  Number of initial stage random starts                        100
  Number of final stage optimizations                           10
  Number of initial stage iterations                            20
  Initial stage convergence criterion                    0.100D+01
  Random starts scale                                    0.500D+01
  Random seed for generating random starts                       0

Input data file(s)
  C:/Users/chowardk/Box/4n500/prac_c1_3_211be8368255f232601c5206480513e4.dat
Input data format  FREE


SUMMARY OF DATA

     Number of missing data patterns             1
     Number of y missing data patterns           1
     Number of u missing data patterns           0


COVARIANCE COVERAGE OF DATA

Minimum covariance coverage value   0.100


     PROPORTION OF DATA PRESENT FOR Y


           Covariance Coverage
              Y1            Y2            Y3            Y4            Y5
              ________      ________      ________      ________      ________
 Y1             1.000
 Y2             1.000         1.000
 Y3             1.000         1.000         1.000
 Y4             1.000         1.000         1.000         1.000
 Y5             1.000         1.000         1.000         1.000         1.000
 Y6             1.000         1.000         1.000         1.000         1.000
 Y7             1.000         1.000         1.000         1.000         1.000
 Y8             1.000         1.000         1.000         1.000         1.000


           Covariance Coverage
              Y6            Y7            Y8
              ________      ________      ________
 Y6             1.000
 Y7             1.000         1.000
 Y8             1.000         1.000         1.000



UNIVARIATE SAMPLE STATISTICS


     UNIVARIATE HIGHER-ORDER MOMENT DESCRIPTIVE STATISTICS

         Variable/         Mean/     Skewness/   Minimum/ % with                Percentiles
        Sample Size      Variance    Kurtosis    Maximum  Min/Max      20%/60%    40%/80%    Median

     Y1                    0.029       0.081      -2.444    0.20%      -0.784     -0.244      0.030
             500.000       0.984      -0.230       2.835    0.20%       0.324      0.823
     Y2                    0.028       0.039      -2.641    0.20%      -0.799     -0.243     -0.059
             500.000       0.995      -0.297       2.828    0.20%       0.266      0.898
     Y3                    0.057       0.014      -2.765    0.20%      -0.700     -0.162      0.042
             500.000       0.896       0.272       3.319    0.20%       0.301      0.796
     Y4                    0.060       0.030      -3.186    0.20%      -0.748     -0.178      0.094
             500.000       0.904       0.179       3.092    0.20%       0.290      0.854
     Y5                    0.030       0.051      -2.929    0.20%      -0.802     -0.191      0.070
             500.000       1.048       0.241       3.885    0.20%       0.296      0.814
     Y6                   -0.002       0.089      -2.969    0.20%      -0.784     -0.321      0.007
             500.000       1.035       0.344       3.928    0.20%       0.236      0.849
     Y7                   -0.005      -0.023      -3.038    0.20%      -0.835     -0.186      0.050
             500.000       0.955       0.148       2.751    0.20%       0.263      0.713
     Y8                    0.017      -0.015      -3.913    0.20%      -0.905     -0.235      0.040
             500.000       1.082       0.129       3.641    0.20%       0.282      0.884

RANDOM STARTS RESULTS RANKED FROM THE BEST TO THE WORST LOGLIKELIHOOD VALUES


22 perturbed starting value run(s) did not converge.
Final stage loglikelihood values at local maxima, seeds, and initial stage start numbers:

           -4922.970  782200           84
           -4923.851  963053           43
           -4924.762  915642           40
           -4924.843  392418           28
           -4925.912  170954           86
           -4926.817  372176           23

4 perturbed starting value run(s) did not converge.



     WARNING:  THE BEST LOGLIKELIHOOD VALUE WAS NOT REPLICATED.  THE
     SOLUTION MAY NOT BE TRUSTWORTHY DUE TO LOCAL MAXIMA.  INCREASE THE
     NUMBER OF RANDOM STARTS.


THE MODEL ESTIMATION TERMINATED NORMALLY



MODEL FIT INFORMATION

Number of Free Parameters                       52

Loglikelihood

          H0 Value                       -4922.970
          H0 Scaling Correction Factor      1.1349
            for MLR

Information Criteria

          Akaike (AIC)                    9949.940
          Bayesian (BIC)                 10169.100
          Sample-Size Adjusted BIC       10004.049
            (n* = (n + 2) / 24)



FINAL CLASS COUNTS AND PROPORTIONS FOR THE LATENT CLASSES
BASED ON THE ESTIMATED MODEL

    Latent
   Classes

       1        362.67598          0.72535
       2        137.32402          0.27465


FINAL CLASS COUNTS AND PROPORTIONS FOR THE LATENT CLASSES
BASED ON ESTIMATED POSTERIOR PROBABILITIES

    Latent
   Classes

       1        362.67598          0.72535
       2        137.32402          0.27465


FINAL CLASS COUNTS AND PROPORTIONS FOR THE LATENT CLASSES
BASED ON THEIR MOST LIKELY LATENT CLASS MEMBERSHIP

Class Counts and Proportions

    Latent
   Classes

       1              417          0.83400
       2               83          0.16600


CLASSIFICATION QUALITY

     Entropy                         0.384


Average Latent Class Probabilities for Most Likely Latent Class Membership (Row)
by Latent Class (Column)

           1        2

    1   0.813    0.187
    2   0.284    0.716


Classification Probabilities for the Most Likely Latent Class Membership (Column)
by Latent Class (Row)

           1        2

    1   0.935    0.065
    2   0.567    0.433


Logits for the Classification Probabilities for the Most Likely Latent Class Membership (Column)
by Latent Class (Row)

              1        2

    1      2.666    0.000
    2      0.271    0.000


MODEL RESULTS

                                                    Two-Tailed
                    Estimate       S.E.  Est./S.E.    P-Value

Latent Class 1

 G        BY
    Y1                 0.631      0.104      6.054      0.000
    Y2                 0.596      0.067      8.882      0.000
    Y3                 0.441      0.072      6.087      0.000
    Y4                 0.538      0.076      7.068      0.000
    Y5                 0.828      0.081     10.170      0.000
    Y6                 0.878      0.119      7.375      0.000
    Y7                 0.444      0.067      6.620      0.000
    Y8                 0.602      0.063      9.491      0.000

 S1       BY
    Y1                 0.486      0.128      3.781      0.000
    Y2                 0.366      0.126      2.912      0.004
    Y3                 0.457      0.200      2.285      0.022
    Y4                 0.372      0.100      3.722      0.000

 S2       BY
    Y5                 0.306      0.132      2.325      0.020
    Y6                -0.307      0.167     -1.839      0.066
    Y7                -0.052      0.079     -0.656      0.512
    Y8                 0.073      0.080      0.907      0.364

 G        WITH
    S1                 0.000      0.000    999.000    999.000
    S2                 0.000      0.000    999.000    999.000

 S1       WITH
    S2                 0.000      0.000    999.000    999.000

 Means
    G                 -0.356      0.260     -1.369      0.171
    S1                -0.070      0.649     -0.108      0.914
    S2                -0.908      0.329     -2.763      0.006

 Intercepts
    Y1                 0.218      0.155      1.414      0.157
    Y2                 0.200      0.130      1.546      0.122
    Y3                 0.193      0.164      1.178      0.239
    Y4                 0.219      0.122      1.795      0.073
    Y5                 0.449      0.193      2.325      0.020
    Y6                 0.025      0.195      0.128      0.898
    Y7                 0.078      0.123      0.639      0.523
    Y8                 0.223      0.157      1.414      0.157

 Variances
    G                  1.000      0.000    999.000    999.000
    S1                 1.000      0.000    999.000    999.000
    S2                 1.000      0.000    999.000    999.000

 Residual Variances
    Y1                 0.348      0.057      6.144      0.000
    Y2                 0.484      0.053      9.175      0.000
    Y3                 0.480      0.130      3.684      0.000
    Y4                 0.512      0.043     11.846      0.000
    Y5                 0.209      0.114      1.827      0.068
    Y6                 0.269      0.117      2.304      0.021
    Y7                 0.570      0.063      9.023      0.000
    Y8                 0.531      0.042     12.575      0.000

Latent Class 2

 G        BY
    Y1                 0.745      0.123      6.053      0.000
    Y2                 0.712      0.178      3.993      0.000
    Y3                 0.390      0.137      2.852      0.004
    Y4                 0.499      0.128      3.885      0.000
    Y5                 0.214      0.264      0.812      0.417
    Y6                 0.493      0.240      2.053      0.040
    Y7                 0.550      0.237      2.322      0.020
    Y8                 0.866      0.163      5.301      0.000

 S1       BY
    Y1                -0.196      0.159     -1.232      0.218
    Y2                 0.137      0.433      0.315      0.752
    Y3                 0.520      0.149      3.495      0.000
    Y4                -0.117      0.279     -0.421      0.674

 S2       BY
    Y5                -0.848      0.181     -4.676      0.000
    Y6                -0.509      0.295     -1.724      0.085
    Y7                -0.752      0.412     -1.825      0.068
    Y8                -0.484      0.301     -1.605      0.109

 G        WITH
    S1                 0.000      0.000    999.000    999.000
    S2                 0.000      0.000    999.000    999.000

 S1       WITH
    S2                 0.000      0.000    999.000    999.000

 Means
    G                  0.000      0.000    999.000    999.000
    S1                 0.000      0.000    999.000    999.000
    S2                 0.000      0.000    999.000    999.000

 Intercepts
    Y1                 0.218      0.155      1.414      0.157
    Y2                 0.200      0.130      1.546      0.122
    Y3                 0.193      0.164      1.178      0.239
    Y4                 0.219      0.122      1.795      0.073
    Y5                 0.449      0.193      2.325      0.020
    Y6                 0.025      0.195      0.128      0.898
    Y7                 0.078      0.123      0.639      0.523
    Y8                 0.223      0.157      1.414      0.157

 Variances
    G                  1.000      0.000    999.000    999.000
    S1                 1.000      0.000    999.000    999.000
    S2                 1.000      0.000    999.000    999.000

 Residual Variances
    Y1                 0.348      0.057      6.144      0.000
    Y2                 0.484      0.053      9.175      0.000
    Y3                 0.480      0.130      3.684      0.000
    Y4                 0.512      0.043     11.846      0.000
    Y5                 0.209      0.114      1.827      0.068
    Y6                 0.269      0.117      2.304      0.021
    Y7                 0.570      0.063      9.023      0.000
    Y8                 0.531      0.042     12.575      0.000

Categorical Latent Variables

 Means
    C#1                0.971      0.906      1.071      0.284


QUALITY OF NUMERICAL RESULTS

     Condition Number for the Information Matrix              0.111E-02
       (ratio of smallest to largest eigenvalue)


TECHNICAL 11 OUTPUT

     Random Starts Specifications for the k-1 Class Analysis Model
        Number of initial stage random starts                 100
        Number of final stage optimizations                    10



     VUONG-LO-MENDELL-RUBIN LIKELIHOOD RATIO TEST FOR 1 (H0) VERSUS 2 CLASSES

          H0 Loglikelihood Value                        -4943.865
          2 Times the Loglikelihood Difference             41.789
          Difference in the Number of Parameters               20
          Mean                                            100.170
          Standard Deviation                               74.161
          P-Value                                          0.8388

     LO-MENDELL-RUBIN ADJUSTED LRT TEST

          Value                                            41.456
          P-Value                                          0.8418


     Beginning Time:  11:09:05
        Ending Time:  11:10:08
       Elapsed Time:  00:01:03



MUTHEN & MUTHEN
3463 Stoner Ave.
Los Angeles, CA  90066

Tel: (310) 391-9971
Fax: (310) 391-8971
Web: www.StatModel.com
Support: Support@StatModel.com

Copyright (c) 1998-2019 Muthen & Muthen
